http://case.518.com.tw/casepage-detail-117204.html?from=518&a_id=2183
http://case.518.com.tw/casepage-detail-117199.html?from=518&a_id=2183
http://case.518.com.tw/casepage-detail-117201.html?from=518&a_id=2183
http://www.518.com.tw/門市人員-MONEY HAT 時代百貨-台北市-信義區-job-1117030.html?kw=&pi=2
http://case.518.com.tw/casepage-detail-117196.html?from=518&a_id=2183
http://case.518.com.tw/casepage-detail-117187.html?from=518&a_id=2183
http://case.518.com.tw/casepage-detail-117185.html?from=518&a_id=2183
http://case.518.com.tw/casepage-detail-117164.html?from=518&a_id=2183
http://case.518.com.tw/casepage-detail-117167.html?from=518&a_id=2183
http://case.518.com.tw/casepage-detail-117163.html?from=518&a_id=2183
http://case.518.com.tw/casepage-detail-117161.html?from=518&a_id=2183
http://case.518.com.tw/casepage-detail-117157.html?from=518&a_id=2183
http://case.518.com.tw/casepage-detail-117129.html?from=518&a_id=2183
http://case.518.com.tw/casepage-detail-117088.html?from=518&a_id=2183
http://case.518.com.tw/casepage-detail-117105.html?from=518&a_id=2183
http://case.518.com.tw/casepage-detail-117103.html?from=518&a_id=2183
http://case.518.com.tw/casepage-detail-117095.html?from=518&a_id=2183
http://case.518.com.tw/casepage-detail-117076.html?from=518&a_id=2183
http://case.518.com.tw/casepage-detail-117084.html?from=518&a_id=2183
http://case.518.com.tw/casepage-detail-117081.html?from=518&a_id=2183
http://case.518.com.tw/casepage-detail-117077.html?from=518&a_id=2183
http://case.518.com.tw/casepage-detail-117073.html?from=518&a_id=2183
http://case.518.com.tw/casepage-detail-117072.html?from=518&a_id=2183
http://case.518.com.tw/casepage-detail-117068.html?from=518&a_id=2183
http://case.518.com.tw/casepage-detail-117062.html?from=518&a_id=2183
http://case.518.com.tw/casepage-detail-117061.html?from=518&a_id=2183
http://case.518.com.tw/casepage-detail-117049.html?from=518&a_id=2183
http://case.518.com.tw/casepage-detail-117027.html?from=518&a_id=2183
http://case.518.com.tw/casepage-detail-117012.html?from=518&a_id=2183
http://case.518.com.tw/casepage-detail-117010.html?from=518&a_id=2183
http://case.518.com.tw/casepage-detail-116990.html?from=518&a_id=2183
http://case.518.com.tw/casepage-detail-116985.html?from=518&a_id=2183
http://case.518.com.tw/casepage-detail-116973.html?from=518&a_id=2183
http://case.518.com.tw/casepage-detail-116966.html?from=518&a_id=2183
http://case.518.com.tw/casepage-detail-116965.html?from=518&a_id=2183
http://case.518.com.tw/casepage-detail-116964.html?from=518&a_id=2183
http://case.518.com.tw/casepage-detail-116963.html?from=518&a_id=2183
http://case.518.com.tw/casepage-detail-116962.html?from=518&a_id=2183
http://case.518.com.tw/casepage-detail-116947.html?from=518&a_id=2183
http://case.518.com.tw/casepage-detail-116960.html?from=518&a_id=2183
http://case.518.com.tw/casepage-detail-116938.html?from=518&a_id=2183
http://case.518.com.tw/casepage-detail-116926.html?from=518&a_id=2183
http://case.518.com.tw/casepage-detail-116924.html?from=518&a_id=2183
http://case.518.com.tw/casepage-detail-116923.html?from=518&a_id=2183
http://case.518.com.tw/casepage-detail-116918.html?from=518&a_id=2183
http://case.518.com.tw/casepage-detail-116912.html?from=518&a_id=2183
http://case.518.com.tw/casepage-detail-116910.html?from=518&a_id=2183
http://case.518.com.tw/casepage-detail-116909.html?from=518&a_id=2183
http://case.518.com.tw/casepage-detail-116849.html?from=518&a_id=2183
http://case.518.com.tw/casepage-detail-116892.html?from=518&a_id=2183
http://case.518.com.tw/casepage-detail-116898.html?from=518&a_id=2183
http://case.518.com.tw/casepage-detail-116886.html?from=518&a_id=2183
http://case.518.com.tw/casepage-detail-116880.html?from=518&a_id=2183
http://case.518.com.tw/casepage-detail-116852.html?from=518&a_id=2183
http://case.518.com.tw/casepage-detail-116870.html?from=518&a_id=2183
http://case.518.com.tw/casepage-detail-116826.html?from=518&a_id=2183
http://case.518.com.tw/casepage-detail-116794.html?from=518&a_id=2183
http://case.518.com.tw/casepage-detail-116783.html?from=518&a_id=2183
http://case.518.com.tw/casepage-detail-116775.html?from=518&a_id=2183
http://case.518.com.tw/casepage-detail-116767.html?from=518&a_id=2183
http://case.518.com.tw/casepage-detail-116764.html?from=518&a_id=2183
http://case.518.com.tw/casepage-detail-116756.html?from=518&a_id=2183
http://case.518.com.tw/casepage-detail-116754.html?from=518&a_id=2183
http://case.518.com.tw/casepage-detail-116753.html?from=518&a_id=2183
http://case.518.com.tw/casepage-detail-116747.html?from=518&a_id=2183
http://case.518.com.tw/casepage-detail-116730.html?from=518&a_id=2183
http://case.518.com.tw/casepage-detail-116728.html?from=518&a_id=2183
http://case.518.com.tw/casepage-detail-116706.html?from=518&a_id=2183
http://case.518.com.tw/casepage-detail-116708.html?from=518&a_id=2183
http://case.518.com.tw/casepage-detail-116696.html?from=518&a_id=2183
http://case.518.com.tw/casepage-detail-116656.html?from=518&a_id=2183
http://case.518.com.tw/casepage-detail-116669.html?from=518&a_id=2183
http://case.518.com.tw/casepage-detail-116650.html?from=518&a_id=2183
http://case.518.com.tw/casepage-detail-116649.html?from=518&a_id=2183
http://case.518.com.tw/casepage-detail-116647.html?from=518&a_id=2183
http://case.518.com.tw/casepage-detail-116636.html?from=518&a_id=2183
http://case.518.com.tw/casepage-detail-116625.html?from=518&a_id=2183
http://case.518.com.tw/casepage-detail-116615.html?from=518&a_id=2183
http://case.518.com.tw/casepage-detail-116613.html?from=518&a_id=2183
http://case.518.com.tw/casepage-detail-116606.html?from=518&a_id=2183
http://case.518.com.tw/casepage-detail-116596.html?from=518&a_id=2183
http://case.518.com.tw/casepage-detail-116593.html?from=518&a_id=2183
http://case.518.com.tw/casepage-detail-116592.html?from=518&a_id=2183
http://case.518.com.tw/casepage-detail-116589.html?from=518&a_id=2183
http://case.518.com.tw/casepage-detail-116557.html?from=518&a_id=2183
http://case.518.com.tw/casepage-detail-116551.html?from=518&a_id=2183
http://case.518.com.tw/casepage-detail-116550.html?from=518&a_id=2183
http://case.518.com.tw/casepage-detail-116544.html?from=518&a_id=2183
http://case.518.com.tw/casepage-detail-116543.html?from=518&a_id=2183
http://case.518.com.tw/casepage-detail-116533.html?from=518&a_id=2183
http://case.518.com.tw/casepage-detail-116532.html?from=518&a_id=2183
http://case.518.com.tw/casepage-detail-116518.html?from=518&a_id=2183
http://case.518.com.tw/casepage-detail-116505.html?from=518&a_id=2183
http://case.518.com.tw/casepage-detail-116493.html?from=518&a_id=2183
http://case.518.com.tw/casepage-detail-116485.html?from=518&a_id=2183
http://case.518.com.tw/casepage-detail-116481.html?from=518&a_id=2183
http://case.518.com.tw/casepage-detail-116469.html?from=518&a_id=2183
http://case.518.com.tw/casepage-detail-116468.html?from=518&a_id=2183
http://case.518.com.tw/casepage-detail-116467.html?from=518&a_id=2183
http://case.518.com.tw/casepage-detail-116451.html?from=518&a_id=2183
http://case.518.com.tw/casepage-detail-116381.html?from=518&a_id=2183
http://case.518.com.tw/casepage-detail-116377.html?from=518&a_id=2183
http://case.518.com.tw/casepage-detail-116375.html?from=518&a_id=2183
http://case.518.com.tw/casepage-detail-116370.html?from=518&a_id=2183
http://case.518.com.tw/casepage-detail-116366.html?from=518&a_id=2183
http://case.518.com.tw/casepage-detail-116362.html?from=518&a_id=2183
http://case.518.com.tw/casepage-detail-116356.html?from=518&a_id=2183
http://case.518.com.tw/casepage-detail-116354.html?from=518&a_id=2183
http://case.518.com.tw/casepage-detail-116342.html?from=518&a_id=2183
http://case.518.com.tw/casepage-detail-116311.html?from=518&a_id=2183
http://case.518.com.tw/casepage-detail-116340.html?from=518&a_id=2183
http://case.518.com.tw/casepage-detail-116303.html?from=518&a_id=2183
http://case.518.com.tw/casepage-detail-116296.html?from=518&a_id=2183
http://case.518.com.tw/casepage-detail-116289.html?from=518&a_id=2183
http://case.518.com.tw/casepage-detail-116288.html?from=518&a_id=2183
http://case.518.com.tw/casepage-detail-116287.html?from=518&a_id=2183
http://case.518.com.tw/casepage-detail-116286.html?from=518&a_id=2183
http://case.518.com.tw/casepage-detail-116285.html?from=518&a_id=2183
http://case.518.com.tw/casepage-detail-116284.html?from=518&a_id=2183
http://case.518.com.tw/casepage-detail-116283.html?from=518&a_id=2183
http://case.518.com.tw/casepage-detail-116258.html?from=518&a_id=2183
http://case.518.com.tw/casepage-detail-116257.html?from=518&a_id=2183
http://case.518.com.tw/casepage-detail-116240.html?from=518&a_id=2183
http://case.518.com.tw/casepage-detail-116235.html?from=518&a_id=2183
http://case.518.com.tw/casepage-detail-116232.html?from=518&a_id=2183
http://case.518.com.tw/casepage-detail-116230.html?from=518&a_id=2183
http://case.518.com.tw/casepage-detail-116220.html?from=518&a_id=2183
http://case.518.com.tw/casepage-detail-116219.html?from=518&a_id=2183
http://case.518.com.tw/casepage-detail-116217.html?from=518&a_id=2183
http://case.518.com.tw/casepage-detail-116202.html?from=518&a_id=2183
http://case.518.com.tw/casepage-detail-116201.html?from=518&a_id=2183
http://case.518.com.tw/casepage-detail-116195.html?from=518&a_id=2183
http://case.518.com.tw/casepage-detail-116191.html?from=518&a_id=2183
http://case.518.com.tw/casepage-detail-116185.html?from=518&a_id=2183
http://case.518.com.tw/casepage-detail-116184.html?from=518&a_id=2183
http://case.518.com.tw/casepage-detail-116177.html?from=518&a_id=2183
http://case.518.com.tw/casepage-detail-116175.html?from=518&a_id=2183
http://case.518.com.tw/casepage-detail-116156.html?from=518&a_id=2183
http://case.518.com.tw/casepage-detail-116171.html?from=518&a_id=2183
http://case.518.com.tw/casepage-detail-116144.html?from=518&a_id=2183
http://case.518.com.tw/casepage-detail-116142.html?from=518&a_id=2183
http://case.518.com.tw/casepage-detail-116126.html?from=518&a_id=2183
http://case.518.com.tw/casepage-detail-116119.html?from=518&a_id=2183
http://case.518.com.tw/casepage-detail-116107.html?from=518&a_id=2183
http://case.518.com.tw/casepage-detail-116100.html?from=518&a_id=2183
http://case.518.com.tw/casepage-detail-116078.html?from=518&a_id=2183
http://case.518.com.tw/casepage-detail-116073.html?from=518&a_id=2183
http://case.518.com.tw/casepage-detail-116067.html?from=518&a_id=2183
http://case.518.com.tw/casepage-detail-116066.html?from=518&a_id=2183
http://case.518.com.tw/casepage-detail-116057.html?from=518&a_id=2183
http://case.518.com.tw/casepage-detail-116048.html?from=518&a_id=2183
http://www.518.com.tw/外場人員 HUGE Burger 士林店-台北市-士林區-job-844334.html?kw=&pi=138
http://www.518.com.tw/TO HOUSE(至善店)假日工讀生(外場)-台北市-士林區-job-342478.html?kw=&pi=221
http://www.518.com.tw/TO HOUSE(至善店)餐廳外場服務生 收銀員-台北市-士林區-job-209379.html?kw=&pi=221
http://www.518.com.tw/早 晚班 計時工讀125 H-台北市-大安區-job-739442.html?kw=&pi=435
http://www.518.com.tw/WHY FASHION HAIR SALON二館 新登場-台北市-南港區-job-1195943.html?kw=&pi=475
http://www.518.com.tw/招募任用管理師-BAIDO HR-台北市-全區-job-1200193.html?kw=&pi=515
http://www.518.com.tw/招募任用管理師-BAIDO HR-台北市-全區-job-1200193.html?kw=&pi=518
http://www.518.com.tw/A.Q HairSalon 美髮助理 (近捷運站)FB收尋A.Q Hair Salon-台北市-北投區-job-1182966.html?kw=&pi=566
http://www.518.com.tw/民宿打工度假(Working Holiday)-台北市-全區-job-352918.html?kw=&pi=579
http://www.518.com.tw/民宿打工度假(Working Holiday)-台北市-全區-job-352918.html?kw=&pi=580
http://www.518.com.tw/門市人員-MONEY HAT士林大東-台北市-士林區-job-1101586.html?kw=&pi=591
http://www.518.com.tw/五分埔MC HEAVEN銷售倉管-台北市-信義區-job-1114034.html?kw=&pi=916
http://www.518.com.tw/五分埔MC HEAVEN銷售倉管-台北市-信義區-job-1114034.html?kw=&pi=917
http://www.518.com.tw/台北區百貨公司督導(合約制)_Personal Health-台北市-南港區-job-1147609.html?kw=&pi=960
http://www.518.com.tw/北區賣場工讀生-Personal Health-台北市-信義區-job-1115164.html?kw=&pi=960
http://www.518.com.tw/ED HARDY銷售人員(微風信義)-台北市-松山區-job-1111424.html?kw=&pi=965
http://www.518.com.tw/ED HARDY銷售人員(微風信義)-台北市-松山區-job-1111424.html?kw=&pi=966
